<?xml version="1.0" encoding="UTF-8"?>
<!-- Generated by org.testng.reporters.JUnitReportReporter -->
<testsuite hostname="Sarojchandra-01" failures="0" tests="5" name="Runner.TestRunner" time="120.286" errors="0" timestamp="2022-08-20T21:26:08 IST" skipped="0">
  <testcase classname="Runner.TestRunner" name="runScenario" time="21.752"/>
  <system-out/>
  <testcase classname="Runner.TestRunner" name="runScenario" time="28.008"/>
  <system-out/>
  <testcase classname="Runner.TestRunner" name="runScenario" time="18.920"/>
  <system-out/>
  <testcase classname="Runner.TestRunner" name="runScenario" time="26.280"/>
  <system-out/>
  <testcase classname="Runner.TestRunner" name="runScenario" time="25.326"/>
  <system-out/>
</testsuite> <!-- Runner.TestRunner -->
